Already up to date.
[main 0c79ccf] new data and log files (cluster - automated)
 5 files changed, 687 insertions(+), 48 deletions(-)
 create mode 100644 hourly_monitor.log
 create mode 100644 index.rmarkdown
Already up to date.
Already up to date.
[main f14fccb] new data and log files (cluster - automated)
 1 file changed, 6 insertions(+)
Already up to date.
Already up to date.
[main 3f3e04d] new data and log files (cluster - automated)
 1 file changed, 4 insertions(+)
Already up to date.
Already up to date.
[main 95343dd] new data and log files (cluster - automated)
 1 file changed, 4 insertions(+)
Already up to date.
Already up to date.
[main f739f54] new data and log files (cluster - automated)
 1 file changed, 4 insertions(+)
Already up to date.
Already up to date.
[main 4dd4cf7] new data and log files (cluster - automated)
 1 file changed, 4 insertions(+)
Already up to date.
Already up to date.
[main 394346e] new data and log files (cluster - automated)
 1 file changed, 4 insertions(+)
Already up to date.
Already up to date.
[main e49a852] new data and log files (cluster - automated)
 1 file changed, 4 insertions(+)
Already up to date.
Already up to date.
[main ac72673] new data and log files (cluster - automated)
 1 file changed, 4 insertions(+)
Already up to date.
Already up to date.
[main 67daf5a] new data and log files (cluster - automated)
 1 file changed, 4 insertions(+)
Already up to date.
Already up to date.
[main 90679ef] new data and log files (cluster - automated)
 1 file changed, 4 insertions(+)
Already up to date.
Already up to date.
[main 9b9fabd] new data and log files (cluster - automated)
 1 file changed, 4 insertions(+)
Already up to date.
Already up to date.
[main 7a73d6a] new data and log files (cluster - automated)
 1 file changed, 4 insertions(+)
Already up to date.
Already up to date.
[main fde4cdb] new data and log files (cluster - automated)
 1 file changed, 4 insertions(+)
Already up to date.
Already up to date.
[main 03f6b86] new data and log files (cluster - automated)
 1 file changed, 4 insertions(+)
Already up to date.
Already up to date.
[main 83e6dd8] new data and log files (cluster - automated)
 29 files changed, 11 insertions(+), 10 deletions(-)
Already up to date.
Already up to date.
[main 44d7852] new data and log files (cluster - automated)
 4 files changed, 7 insertions(+), 3 deletions(-)
Already up to date.
Already up to date.
[main cd688cc] new data and log files (cluster - automated)
 15 files changed, 7 insertions(+), 3 deletions(-)
Already up to date.
Already up to date.
