
R version 4.4.1 (2024-06-14) -- "Race for Your Life"
Copyright (C) 2024 The R Foundation for Statistical Computing
Platform: x86_64-pc-linux-gnu

R is free software and comes with ABSOLUTELY NO WARRANTY.
You are welcome to redistribute it under certain conditions.
Type 'license()' or 'licence()' for distribution details.

R is a collaborative project with many contributors.
Type 'contributors()' for more information and
'citation()' on how to cite R or R packages in publications.

Type 'demo()' for some demos, 'help()' for on-line help, or
'help.start()' for an HTML browser interface to help.
Type 'q()' to quit R.

- Project '~/research/heat-wave-tracker' loaded. [renv 1.1.4]
> quarto::quarto_render('hourly_monitor.qmd')
[31m

processing file: hourly_monitor.qmd
[39m1/15                  
2/15 [load]           
3/15                  
4/15 [unnamed-chunk-2]
5/15                  
6/15 [unnamed-chunk-3]
Error in `quarto::quarto_render()`:
✖ Error running quarto cli.
Caused by error:
! System command 'quarto' failed
Backtrace:
    ▆
 1. └─quarto::quarto_render("hourly_monitor.qmd")
 2.   └─quarto:::quarto_run(args, echo = TRUE, quarto_bin = quarto_bin) at quarto/R/render.R:191:3
 3.     └─base::tryCatch(...) at quarto/R/quarto.R:51:3
 4.       └─base (local) tryCatchList(expr, classes, parentenv, handlers)
 5.         └─base (local) tryCatchOne(expr, names, parentenv, handlers[[1L]])
 6.           └─value[[3L]](cond)
 7.             └─cli::cli_abort(msg, call = .call, parent = e) at quarto/R/quarto.R:58:7
 8.               └─rlang::abort(...) at cli/R/rlang.R:45:3
Execution halted
