
R version 4.4.1 (2024-06-14) -- "Race for Your Life"
Copyright (C) 2024 The R Foundation for Statistical Computing
Platform: x86_64-pc-linux-gnu

R is free software and comes with ABSOLUTELY NO WARRANTY.
You are welcome to redistribute it under certain conditions.
Type 'license()' or 'licence()' for distribution details.

R is a collaborative project with many contributors.
Type 'contributors()' for more information and
'citation()' on how to cite R or R packages in publications.

Type 'demo()' for some demos, 'help()' for on-line help, or
'help.start()' for an HTML browser interface to help.
Type 'q()' to quit R.

- Project '~/research/heat-wave-tracker' loaded. [renv 1.1.4]
> quarto::quarto_render('hourly_monitor.qmd')
Error in `find_quarto()` at quarto/R/render.R:93:3:
! Quarto command-line tools path not found!
Please make sure you have installed and added Quarto to your PATH or set the
QUARTO_PATH environment variable.
Backtrace:
    ▆
 1. └─quarto::quarto_render("hourly_monitor.qmd")
 2.   └─quarto:::find_quarto() at quarto/R/render.R:93:3
 3.     └─cli::cli_abort(quarto_not_found_msg) at quarto/R/quarto.R:31:5
 4.       └─rlang::abort(...) at cli/R/rlang.R:45:3
Execution halted
